<?xml version="1.0" encoding="UTF-8"?>
<testng-results ignored="0" total="1" passed="1" failed="0" skipped="0">
  <reporter-output>
  </reporter-output>
  <suite started-at="2024-01-04T13:31:34 EST" name="Default suite" finished-at="2024-01-04T13:31:39 EST" duration-ms="5164">
    <groups>
    </groups>
    <test started-at="2024-01-04T13:31:34 EST" name="Default test" finished-at="2024-01-04T13:31:39 EST" duration-ms="5164">
      <class name="testRunner.loginfunc">
        <test-method signature="loginTest()[pri:0, instance:testRunner.loginfunc@c267ef4]" started-at="2024-01-04T13:31:34 EST" name="loginTest" finished-at="2024-01-04T13:31:39 EST" duration-ms="5091" status="PASS">
          <reporter-output>
          </reporter-output>
        </test-method> <!-- loginTest -->
      </class> <!-- testRunner.loginfunc -->
    </test> <!-- Default test -->
  </suite> <!-- Default suite -->
</testng-results>
